<?xml version="1.0" encoding="UTF-8"?>
<!-- Generated by org.testng.reporters.JUnitXMLReporter -->
<testsuite ignored="4" hostname="SarthakDell" failures="0" tests="1" name="Default test" time="8.985" errors="0" timestamp="2023-09-12T22:46:31 GMT-04:00">
  <testcase classname="com.qa.tutorialsninja.TestCases.LoginTest" name="verifyLoginWithValidCredentials" time="1.356"/>
  <testcase classname="com.qa.tutorialsninja.TestCases.LoginTest" name="verifyLoginWithNoCredentials" time="0.0">
    <ignored/>
  </testcase> <!-- verifyLoginWithNoCredentials -->
  <testcase classname="com.qa.tutorialsninja.TestCases.LoginTest" name="verifyLoginWithInvalidEmailValidPassword" time="0.0">
    <ignored/>
  </testcase> <!-- verifyLoginWithInvalidEmailValidPassword -->
  <testcase classname="com.qa.tutorialsninja.TestCases.LoginTest" name="verifyLoginWithValidEmailInvalidPassword" time="0.0">
    <ignored/>
  </testcase> <!-- verifyLoginWithValidEmailInvalidPassword -->
  <testcase classname="com.qa.tutorialsninja.TestCases.LoginTest" name="verifyLoginWithInvalidCredentials" time="0.0">
    <ignored/>
  </testcase> <!-- verifyLoginWithInvalidCredentials -->
</testsuite> <!-- Default test -->
